#
# There is insufficient memory for the Java Runtime Environment to continue.
# Native memory allocation (mmap) failed to map 1966080 bytes for G1 virtual space
# Possible reasons:
#   The system is out of physical RAM or swap space
#   The process is running with CompressedOops enabled, and the Java Heap may be blocking the growth of the native heap
# Possible solutions:
#   Reduce memory load on the system
#   Increase physical memory or swap space
#   Check if swap backing store is full
#   Decrease Java heap size (-Xmx/-Xms)
#   Decrease number of Java threads
#   Decrease Java thread stack sizes (-Xss)
#   Set larger code cache with -XX:ReservedCodeCacheSize=
#   JVM is running with Unscaled Compressed Oops mode in which the Java heap is
#     placed in the first 4GB address space. The Java Heap base address is the
#     maximum limit for the native heap growth. Please use -XX:HeapBaseMinAddress
#     to set the Java Heap base and to place the Java Heap above 4GB virtual address.
# This output file may be truncated or incomplete.
#
#  Out of Memory Error (os_windows.cpp:3550), pid=27872, tid=25756
#
# JRE version:  (17.0.8+9) (build )
# Java VM: Java HotSpot(TM) 64-Bit Server VM (17.0.8+9-LTS-211, mixed mode, sharing, tiered, compressed oops, compressed class ptrs, g1 gc, windows-amd64)
# No core dump will be written. Minidumps are not enabled by default on client versions of Windows
#

---------------  S U M M A R Y ------------

Command Line: -Dfile.encoding=UTF-8 --module-path=C:\Users\erefa\OneDrive\Documents\NetBeansProjects\bank management system\build\classes bank.management.system.SignupOne

Host: AMD Ryzen 7 4800H with Radeon Graphics         , 16 cores, 7G,  Windows 11 , 64 bit Build 22621 (10.0.22621.2070)
Time: Sat Sep  9 08:24:18 2023 India Standard Time elapsed time: 0.012801 seconds (0d 0h 0m 0s)

---------------  T H R E A D  ---------------

Current thread (0x000002630e767b30):  JavaThread "Unknown thread" [_thread_in_vm, id=25756, stack(0x000000ccfad00000,0x000000ccfae00000)]

Stack: [0x000000ccfad00000,0x000000ccfae00000]
Native frames: (J=compiled Java code, j=interpreted, Vv=VM code, C=native code)
V  [jvm.dll+0x677d0a]
V  [jvm.dll+0x7d8c54]
V  [jvm.dll+0x7da3fe]
V  [jvm.dll+0x7daa63]
V  [jvm.dll+0x245c5f]
V  [jvm.dll+0x674bb9]
V  [jvm.dll+0x6694f2]
V  [jvm.dll+0x3031d6]
V  [jvm.dll+0x30a756]
V  [jvm.dll+0x359fb3]
V  [jvm.dll+0x35a1cf]
V  [jvm.dll+0x2da3e8]
V  [jvm.dll+0x2db354]
V  [jvm.dll+0x7aa711]
V  [jvm.dll+0x367b51]
V  [jvm.dll+0x789979]
V  [jvm.dll+0x3eb05f]
V  [jvm.dll+0x3ecae1]
C  [jli.dll+0x5297]
C  [ucrtbase.dll+0x29363]
C  [KERNEL32.DLL+0x126ad]
C  [ntdll.dll+0x5aa68]


---------------  P R O C E S S  ---------------

Threads class SMR info:
_java_thread_list=0x00007ffdc5d359d8, length=0, elements={
}

Java Threads: ( => current thread )

Other Threads:
  0x000002630e7c1030 GCTaskThread "GC Thread#0" [stack: 0x000000ccfae00000,0x000000ccfaf00000] [id=27220]
  0x000002630e7d15f0 ConcurrentGCThread "G1 Main Marker" [stack: 0x000000ccfaf00000,0x000000ccfb000000] [id=28824]
  0x000002630e7d2000 ConcurrentGCThread "G1 Conc#0" [stack: 0x000000ccfb000000,0x000000ccfb100000] [id=28828]

[error occurred during error reporting (printing all threads), id 0xc0000005, EXCEPTION_ACCESS_VIOLATION (0xc0000005) at pc=0x00007ffdc556b047]

VM state: not at safepoint (not fully initialized)

VM Mutex/Monitor currently owned by a thread:  ([mutex/lock_event])
[0x000002630e7646c0] Heap_lock - owner thread: 0x000002630e767b30

Heap address: 0x0000000089400000, size: 1900 MB, Compressed Oops mode: 32-bit

CDS archive(s) mapped at: [0x0000000000000000-0x0000000000000000-0x0000000000000000), size 0, SharedBaseAddress: 0x0000000800000000, ArchiveRelocationMode: 1.
Narrow klass base: 0x0000000000000000, Narrow klass shift: 0, Narrow klass range: 0x0

GC Precious Log:
<Empty>

Heap:
 garbage-first heap   total 0K, used 0K [0x0000000089400000, 0x0000000100000000)
  region size 1024K, 0 young (0K), 0 survivors (0K)

[error occurred during error reporting (printing heap information), id 0xc0000005, EXCEPTION_ACCESS_VIOLATION (0xc0000005) at pc=0x00007ffdc5951499]

GC Heap History (0 events):
No events

Deoptimization events (0 events):
No events

Classes unloaded (0 events):
No events

Classes redefined (0 events):
No events

Internal exceptions (0 events):
No events

VM Operations (0 events):
No events

Events (1 events):
Event: 0.006 Loaded shared library C:\Program Files\Java\jdk-17\bin\java.dll


Dynamic libraries:
0x00007ff697fc0000 - 0x00007ff697fd0000 	C:\Program Files\Java\jdk-17\bin\java.exe
0x00007ffe65fb0000 - 0x00007ffe661c4000 	C:\WINDOWS\SYSTEM32\ntdll.dll
0x00007ffe64a10000 - 0x00007ffe64ad4000 	C:\WINDOWS\System32\KERNEL32.DLL
0x00007ffe636d0000 - 0x00007ffe63a74000 	C:\WINDOWS\System32\KERNELBASE.dll
0x00007ffe63c50000 - 0x00007ffe63d61000 	C:\WINDOWS\System32\ucrtbase.dll
0x00007ffe49fa0000 - 0x00007ffe49fbb000 	C:\Program Files\Java\jdk-17\bin\VCRUNTIME140.dll
0x00007ffe3af00000 - 0x00007ffe3af19000 	C:\Program Files\Java\jdk-17\bin\jli.dll
0x00007ffe648b0000 - 0x00007ffe64960000 	C:\WINDOWS\System32\ADVAPI32.dll
0x00007ffe65eb0000 - 0x00007ffe65f57000 	C:\WINDOWS\System32\msvcrt.dll
0x00007ffe65d00000 - 0x00007ffe65da6000 	C:\WINDOWS\System32\sechost.dll
0x00007ffe645e0000 - 0x00007ffe646f7000 	C:\WINDOWS\System32\RPCRT4.dll
0x00007ffe64700000 - 0x00007ffe648aa000 	C:\WINDOWS\System32\USER32.dll
0x00007ffe63390000 - 0x00007ffe633b6000 	C:\WINDOWS\System32\win32u.dll
0x00007ffe50d70000 - 0x00007ffe50fff000 	C:\WINDOWS\WinSxS\amd64_microsoft.windows.common-controls_6595b64144ccf1df_6.0.22621.2070_none_2713e6537381f706\COMCTL32.dll
0x00007ffe65140000 - 0x00007ffe65169000 	C:\WINDOWS\System32\GDI32.dll
0x00007ffe63530000 - 0x00007ffe63649000 	C:\WINDOWS\System32\gdi32full.dll
0x00007ffe63af0000 - 0x00007ffe63b8a000 	C:\WINDOWS\System32\msvcp_win.dll
0x00007ffe5a9f0000 - 0x00007ffe5a9fa000 	C:\WINDOWS\SYSTEM32\VERSION.dll
0x00007ffe651f0000 - 0x00007ffe65221000 	C:\WINDOWS\System32\IMM32.DLL
0x00007ffe5e760000 - 0x00007ffe5e76c000 	C:\Program Files\Java\jdk-17\bin\vcruntime140_1.dll
0x00007ffe38b10000 - 0x00007ffe38b9e000 	C:\Program Files\Java\jdk-17\bin\msvcp140.dll
0x00007ffdc5280000 - 0x00007ffdc5e5e000 	C:\Program Files\Java\jdk-17\bin\server\jvm.dll
0x00007ffe65130000 - 0x00007ffe65138000 	C:\WINDOWS\System32\PSAPI.DLL
0x00007ffe55b00000 - 0x00007ffe55b09000 	C:\WINDOWS\SYSTEM32\WSOCK32.dll
0x00007ffe5a4e0000 - 0x00007ffe5a514000 	C:\WINDOWS\SYSTEM32\WINMM.dll
0x00007ffe650a0000 - 0x00007ffe65111000 	C:\WINDOWS\System32\WS2_32.dll
0x00007ffe623b0000 - 0x00007ffe623c8000 	C:\WINDOWS\SYSTEM32\kernel.appcore.dll
0x00007ffe49f20000 - 0x00007ffe49f2a000 	C:\Program Files\Java\jdk-17\bin\jimage.dll
0x00007ffe60d50000 - 0x00007ffe60f7e000 	C:\WINDOWS\SYSTEM32\DBGHELP.DLL
0x00007ffe63d90000 - 0x00007ffe6411a000 	C:\WINDOWS\System32\combase.dll
0x00007ffe65a50000 - 0x00007ffe65b27000 	C:\WINDOWS\System32\OLEAUT32.dll
0x00007ffe5a3e0000 - 0x00007ffe5a412000 	C:\WINDOWS\SYSTEM32\dbgcore.DLL
0x00007ffe63650000 - 0x00007ffe636ca000 	C:\WINDOWS\System32\bcryptPrimitives.dll
0x00007ffe49f30000 - 0x00007ffe49f55000 	C:\Program Files\Java\jdk-17\bin\java.dll

dbghelp: loaded successfully - version: 4.0.5 - missing functions: none
symbol engine: initialized successfully - sym options: 0x614 - pdb path: .;C:\Program Files\Java\jdk-17\bin;C:\WINDOWS\SYSTEM32;C:\WINDOWS\WinSxS\amd64_microsoft.windows.common-controls_6595b64144ccf1df_6.0.22621.2070_none_2713e6537381f706;C:\Program Files\Java\jdk-17\bin\server

VM Arguments:
jvm_args: -Dfile.encoding=UTF-8 --module-path=C:\Users\erefa\OneDrive\Documents\NetBeansProjects\bank management system\build\classes 
java_command: bank.management.system.SignupOne
java_class_path (initial): C:\Users\erefa\OneDrive\Desktop\java\jcalendar-tz-1.3.3-4.jar;C:\Users\erefa\OneDrive\Documents\NetBeansProjects\bank management system\build\classes
Launcher Type: SUN_STANDARD

[Global flags]
     intx CICompilerCount                          = 12                                        {product} {ergonomic}
     uint ConcGCThreads                            = 3                                         {product} {ergonomic}
     uint G1ConcRefinementThreads                  = 13                                        {product} {ergonomic}
   size_t G1HeapRegionSize                         = 1048576                                   {product} {ergonomic}
    uintx GCDrainStackTargetSize                   = 64                                        {product} {ergonomic}
   size_t InitialHeapSize                          = 125829120                                 {product} {ergonomic}
   size_t MarkStackSize                            = 4194304                                   {product} {ergonomic}
   size_t MaxHeapSize                              = 1992294400                                {product} {ergonomic}
   size_t MinHeapDeltaBytes                        = 1048576                                   {product} {ergonomic}
   size_t MinHeapSize                              = 8388608                                   {product} {ergonomic}
    uintx NonNMethodCodeHeapSize                   = 7602480                                {pd product} {ergonomic}
    uintx NonProfiledCodeHeapSize                  = 122027880                              {pd product} {ergonomic}
    uintx ProfiledCodeHeapSize                     = 122027880                              {pd product} {ergonomic}
    uintx ReservedCodeCacheSize                    = 251658240                              {pd product} {ergonomic}
     bool SegmentedCodeCache                       = true                                      {product} {ergonomic}
   size_t SoftMaxHeapSize                          = 1992294400                             {manageable} {ergonomic}
     bool UseCompressedClassPointers               = true                           {product lp64_product} {ergonomic}
     bool UseCompressedOops                        = true                           {product lp64_product} {ergonomic}
     bool UseG1GC                                  = true                                      {product} {ergonomic}
     bool UseLargePagesIndividualAllocation        = false                                  {pd product} {ergonomic}

Logging:
Log output configuration:
 #0: stdout all=warning uptime,level,tags
 #1: stderr all=off uptime,level,tags

Environment Variables:
PATH=C:\Program Files\Common Files\Oracle\Java\javapath;C:\Windows\system32;C:\Windows;C:\Windows\System32\Wbem;C:\Windows\System32\WindowsPowerShell\v1.0\;C:\Windows\System32\OpenSSH\;C:\Program Files (x86)\NVIDIA Corporation\PhysX\Common;C:\Program Files\NVIDIA Corporation\NVIDIA NvDLISR;C:\WINDOWS\system32;C:\WINDOWS;C:\WINDOWS\System32\Wbem;C:\WINDOWS\System32\WindowsPowerShell\v1.0\;C:\WINDOWS\System32\OpenSSH\;C:\Program Files\MATLAB\R2023a\runtime\win64;C:\Program Files\MATLAB\R2023a\bin;C:\Users\erefa\OneDrive\Desktop\java\jdk-17_windows-x64_bin\jdk-17.0.7\bin;C:\Program Files\MySQL\MySQL Shell 8.0\bin\;C:\Users\erefa\AppData\Local\Microsoft\WindowsApps;C:\MinGW\bin;C:\Users\erefa\OneDrive\Documents\java\jdk-17.0.7\bin;
USERNAME=erefa
OS=Windows_NT
PROCESSOR_IDENTIFIER=AMD64 Family 23 Model 96 Stepping 1, AuthenticAMD



---------------  S Y S T E M  ---------------

OS:
 Windows 11 , 64 bit Build 22621 (10.0.22621.2070)
OS uptime: 0 days 11:49 hours
Hyper-V role detected

CPU: total 16 (initial active 16) (16 cores per cpu, 2 threads per core) family 23 model 96 stepping 1 microcode 0x0, cx8, cmov, fxsr, ht, mmx, 3dnowpref, sse, sse2, sse3, ssse3, sse4a, sse4.1, sse4.2, popcnt, lzcnt, tsc, tscinvbit, avx, avx2, aes, clmul, bmi1, bmi2, adx, sha, fma, vzeroupper, clflush, clflushopt, hv

Memory: 4k page, system-wide physical 7599M (86M free)
TotalPageFile size 31151M (AvailPageFile size 6M)
current process WorkingSet (physical memory assigned to process): 11M, peak: 11M
current process commit charge ("private bytes"): 190M, peak: 192M

vm_info: Java HotSpot(TM) 64-Bit Server VM (17.0.8+9-LTS-211) for windows-amd64 JRE (17.0.8+9-LTS-211), built on Jun 14 2023 10:34:31 by "mach5one" with MS VC++ 17.1 (VS2022)

END.
